<?xml version="1.0" encoding="UTF-8"?>
<coverage generated="1783106137620" clover="3.2.0">
  <project timestamp="1783106137621" name="All files">
    <metrics statements="5046" coveredstatements="3740" conditionals="3878" coveredconditionals="2462" methods="906" coveredmethods="712" elements="9830" coveredelements="6914" complexity="0" loc="5046" ncloc="5046" packages="11" files="62" classes="62"/>
    <package name="src">
      <metrics statements="955" coveredstatements="785" conditionals="745" coveredconditionals="557" methods="232" coveredmethods="190"/>
      <file name="agent.ts" path="/Users/shuaiyuan/Developer/tomo/src/agent.ts">
        <metrics statements="408" coveredstatements="301" conditionals="304" coveredconditionals="211" methods="124" coveredmethods="93"/>
        <line num="74" count="9" type="stmt"/>
        <line num="77" count="124" type="stmt"/>
        <line num="80" count="124" type="stmt"/>
        <line num="81" count="124" type="stmt"/>
        <line num="82" count="107" type="stmt"/>
        <line num="83" count="105" type="stmt"/>
        <line num="84" count="97" type="stmt"/>
        <line num="87" count="124" type="stmt"/>
        <line num="91" count="124" type="stmt"/>
        <line num="100" count="124" type="stmt"/>
        <line num="104" count="124" type="stmt"/>
        <line num="105" count="124" type="stmt"/>
        <line num="106" count="124" type="stmt"/>
        <line num="107" count="1" type="stmt"/>
        <line num="111" count="124" type="stmt"/>
        <line num="112" count="142" type="stmt"/>
        <line num="113" count="142" type="stmt"/>
        <line num="115" count="132" type="stmt"/>
        <line num="122" count="4" type="stmt"/>
        <line num="123" count="126" type="stmt"/>
        <line num="126" count="124" type="stmt"/>
        <line num="130" count="124" type="stmt"/>
        <line num="131" count="124" type="stmt"/>
        <line num="132" count="0" type="stmt"/>
        <line num="133" count="124" type="stmt"/>
        <line num="137" count="8" type="stmt"/>
        <line num="138" count="2" type="stmt"/>
        <line num="139" count="0" type="stmt"/>
        <line num="141" count="124" type="stmt"/>
        <line num="143" count="0" type="stmt"/>
        <line num="145" count="124" type="stmt"/>
        <line num="146" count="144" type="stmt"/>
        <line num="147" count="235" type="stmt"/>
        <line num="148" count="91" type="stmt"/>
        <line num="149" count="0" type="stmt"/>
        <line num="150" count="0" type="stmt"/>
        <line num="151" count="137" type="stmt"/>
        <line num="152" count="4" type="stmt"/>
        <line num="153" count="98" type="stmt"/>
        <line num="154" count="98" type="stmt"/>
        <line num="155" count="98" type="stmt"/>
        <line num="157" count="0" type="stmt"/>
        <line num="159" count="98" type="stmt"/>
        <line num="160" count="0" type="stmt"/>
        <line num="161" count="2" type="stmt"/>
        <line num="162" count="137" type="stmt"/>
        <line num="164" count="124" type="stmt"/>
        <line num="165" count="11" type="stmt"/>
        <line num="166" count="7" type="stmt"/>
        <line num="167" count="11" type="stmt"/>
        <line num="168" count="0" type="stmt"/>
        <line num="170" count="7" type="stmt"/>
        <line num="177" count="1" type="stmt"/>
        <line num="178" count="1" type="stmt"/>
        <line num="179" count="7" type="stmt"/>
        <line num="181" count="1" type="cond" truecount="1" falsecount="1"/>
        <line num="185" count="124" type="stmt"/>
        <line num="186" count="0" type="stmt"/>
        <line num="192" count="163" type="stmt"/>
        <line num="202" count="43" type="cond" truecount="2" falsecount="0"/>
        <line num="203" count="27" type="cond" truecount="2" falsecount="0"/>
        <line num="207" count="128" type="cond" truecount="2" falsecount="0"/>
        <line num="208" count="20" type="cond" truecount="2" falsecount="0"/>
        <line num="209" count="128" type="cond" truecount="3" falsecount="1"/>
        <line num="213" count="16" type="cond" truecount="2" falsecount="0"/>
        <line num="217" count="128" type="stmt"/>
        <line num="218" count="128" type="cond" truecount="2" falsecount="0"/>
        <line num="220" count="20" type="stmt"/>
        <line num="221" count="20" type="stmt"/>
        <line num="222" count="20" type="stmt"/>
        <line num="223" count="1" type="stmt"/>
        <line num="224" count="1" type="cond" truecount="1" falsecount="1"/>
        <line num="225" count="1" type="stmt"/>
        <line num="228" count="20" type="stmt"/>
        <line num="229" count="20" type="cond" truecount="1" falsecount="1"/>
        <line num="230" count="20" type="stmt"/>
        <line num="231" count="20" type="cond" truecount="2" falsecount="0"/>
        <line num="232" count="19" type="stmt"/>
        <line num="233" count="19" type="stmt"/>
        <line num="235" count="20" type="cond" truecount="2" falsecount="0"/>
        <line num="241" count="98" type="cond" truecount="2" falsecount="0"/>
        <line num="242" count="13" type="stmt"/>
        <line num="243" count="13" type="stmt"/>
        <line num="244" count="13" type="stmt"/>
        <line num="253" count="2" type="stmt"/>
        <line num="258" count="2" type="cond" truecount="2" falsecount="0"/>
        <line num="259" count="1" type="stmt"/>
        <line num="260" count="1" type="stmt"/>
        <line num="261" count="1" type="stmt"/>
        <line num="263" count="1" type="stmt"/>
        <line num="264" count="1" type="cond" truecount="1" falsecount="1"/>
        <line num="265" count="2" type="cond" truecount="1" falsecount="1"/>
        <line num="266" count="1" type="cond" truecount="1" falsecount="1"/>
        <line num="267" count="2" type="cond" truecount="2" falsecount="0"/>
        <line num="268" count="1" type="stmt"/>
        <line num="269" count="1" type="stmt"/>
        <line num="270" count="1" type="stmt"/>
        <line num="271" count="1" type="stmt"/>
        <line num="272" count="1" type="stmt"/>
        <line num="274" count="1" type="stmt"/>
        <line num="276" count="1" type="stmt"/>
        <line num="277" count="1" type="stmt"/>
        <line num="279" count="0" type="stmt"/>
        <line num="284" count="125" type="stmt"/>
        <line num="285" count="124" type="stmt"/>
        <line num="286" count="27" type="stmt"/>
        <line num="287" count="124" type="stmt"/>
        <line num="292" count="0" type="stmt"/>
        <line num="304" count="148" type="stmt"/>
        <line num="314" count="125" type="cond" truecount="2" falsecount="0"/>
        <line num="320" count="125" type="cond" truecount="2" falsecount="0"/>
        <line num="321" count="2" type="cond" truecount="5" falsecount="0"/>
        <line num="322" count="1" type="stmt"/>
        <line num="323" count="0" type="stmt"/>
        <line num="325" count="1" type="stmt"/>
        <line num="327" count="2" type="stmt"/>
        <line num="334" count="123" type="stmt"/>
        <line num="335" count="123" type="stmt"/>
        <line num="337" count="123" type="cond" truecount="2" falsecount="0"/>
        <line num="338" count="125" type="cond" truecount="2" falsecount="0"/>
        <line num="340" count="125" type="cond" truecount="2" falsecount="0"/>
        <line num="341" count="10" type="stmt"/>
        <line num="342" count="0" type="stmt"/>
        <line num="343" count="10" type="stmt"/>
        <line num="346" count="113" type="stmt"/>
        <line num="354" count="113" type="stmt"/>
        <line num="355" count="105" type="cond" truecount="1" falsecount="1"/>
        <line num="356" count="0" type="stmt"/>
        <line num="358" count="105" type="cond" truecount="1" falsecount="1"/>
        <line num="359" count="105" type="cond" truecount="2" falsecount="0"/>
        <line num="360" count="99" type="stmt"/>
        <line num="361" count="99" type="stmt"/>
        <line num="363" count="6" type="stmt"/>
        <line num="372" count="0" type="stmt"/>
        <line num="373" count="0" type="cond" truecount="0" falsecount="2"/>
        <line num="374" count="0" type="stmt"/>
        <line num="378" count="0" type="cond" truecount="0" falsecount="2"/>
        <line num="379" count="0" type="stmt"/>
        <line num="380" count="0" type="cond" truecount="0" falsecount="2"/>
        <line num="381" count="0" type="stmt"/>
        <line num="382" count="0" type="stmt"/>
        <line num="392" count="0" type="stmt"/>
        <line num="393" count="0" type="stmt"/>
        <line num="399" count="112" type="cond" truecount="4" falsecount="0"/>
        <line num="400" count="21" type="stmt"/>
        <line num="401" count="21" type="stmt"/>
        <line num="402" count="21" type="stmt"/>
        <line num="403" count="21" type="cond" truecount="1" falsecount="1"/>
        <line num="407" count="0" type="cond" truecount="0" falsecount="2"/>
        <line num="408" count="0" type="stmt"/>
        <line num="409" count="0" type="cond" truecount="0" falsecount="2"/>
        <line num="412" count="0" type="stmt"/>
        <line num="413" count="0" type="cond" truecount="0" falsecount="2"/>
        <line num="414" count="0" type="stmt"/>
        <line num="415" count="0" type="cond" truecount="0" falsecount="2"/>
        <line num="417" count="0" type="stmt"/>
        <line num="430" count="0" type="cond" truecount="0" falsecount="2"/>
        <line num="431" count="0" type="stmt"/>
        <line num="433" count="0" type="stmt"/>
        <line num="434" count="0" type="cond" truecount="0" falsecount="2"/>
        <line num="435" count="0" type="stmt"/>
        <line num="436" count="0" type="cond" truecount="0" falsecount="2"/>
        <line num="438" count="0" type="stmt"/>
        <line num="445" count="0" type="stmt"/>
        <line num="446" count="0" type="cond" truecount="0" falsecount="2"/>
        <line num="447" count="0" type="stmt"/>
        <line num="448" count="0" type="stmt"/>
        <line num="451" count="0" type="stmt"/>
        <line num="452" count="0" type="cond" truecount="0" falsecount="2"/>
        <line num="453" count="0" type="stmt"/>
        <line num="454" count="0" type="stmt"/>
        <line num="457" count="0" type="cond" truecount="0" falsecount="4"/>
        <line num="458" count="0" type="stmt"/>
        <line num="466" count="0" type="stmt"/>
        <line num="467" count="0" type="stmt"/>
        <line num="468" count="0" type="stmt"/>
        <line num="471" count="0" type="stmt"/>
        <line num="475" count="0" type="stmt"/>
        <line num="476" count="0" type="stmt"/>
        <line num="485" count="23" type="stmt"/>
        <line num="486" count="23" type="cond" truecount="2" falsecount="0"/>
        <line num="487" count="3" type="cond" truecount="1" falsecount="1"/>
        <line num="489" count="3" type="cond" truecount="1" falsecount="1"/>
        <line num="490" count="0" type="stmt"/>
        <line num="491" count="0" type="stmt"/>
        <line num="494" count="20" type="stmt"/>
        <line num="495" count="20" type="cond" truecount="1" falsecount="1"/>
        <line num="496" count="0" type="stmt"/>
        <line num="497" count="0" type="stmt"/>
        <line num="501" count="23" type="stmt"/>
        <line num="509" count="24" type="stmt"/>
        <line num="510" count="24" type="cond" truecount="1" falsecount="1"/>
        <line num="511" count="0" type="stmt"/>
        <line num="512" count="0" type="stmt"/>
        <line num="515" count="24" type="stmt"/>
        <line num="519" count="2" type="stmt"/>
        <line num="520" count="2" type="cond" truecount="1" falsecount="1"/>
        <line num="522" count="2" type="stmt"/>
        <line num="523" count="2" type="stmt"/>
        <line num="524" count="2" type="stmt"/>
        <line num="525" count="2" type="stmt"/>
        <line num="527" count="2" type="stmt"/>
        <line num="528" count="2" type="stmt"/>
        <line num="529" count="2" type="stmt"/>
        <line num="531" count="0" type="stmt"/>
        <line num="535" count="2" type="stmt"/>
        <line num="536" count="2" type="stmt"/>
        <line num="539" count="2" type="cond" truecount="1" falsecount="1"/>
        <line num="540" count="2" type="stmt"/>
        <line num="541" count="2" type="stmt"/>
        <line num="542" count="2" type="stmt"/>
        <line num="543" count="2" type="cond" truecount="4" falsecount="0"/>
        <line num="544" count="1" type="stmt"/>
        <line num="551" count="2" type="stmt"/>
        <line num="553" count="0" type="stmt"/>
        <line num="554" count="0" type="stmt"/>
        <line num="555" count="0" type="stmt"/>
        <line num="560" count="2" type="stmt"/>
        <line num="564" count="0" type="cond" truecount="0" falsecount="2"/>
        <line num="565" count="0" type="stmt"/>
        <line num="566" count="0" type="stmt"/>
        <line num="567" count="0" type="stmt"/>
        <line num="568" count="0" type="stmt"/>
        <line num="572" count="0" type="stmt"/>
        <line num="579" count="0" type="stmt"/>
        <line num="580" count="0" type="cond" truecount="0" falsecount="2"/>
        <line num="581" count="0" type="cond" truecount="0" falsecount="2"/>
        <line num="584" count="0" type="cond" truecount="0" falsecount="2"/>
        <line num="585" count="0" type="stmt"/>
        <line num="588" count="0" type="stmt"/>
        <line num="589" count="0" type="stmt"/>
        <line num="590" count="0" type="cond" truecount="0" falsecount="2"/>
        <line num="592" count="0" type="stmt"/>
        <line num="596" count="0" type="stmt"/>
        <line num="597" count="0" type="stmt"/>
        <line num="598" count="0" type="cond" truecount="0" falsecount="2"/>
        <line num="601" count="0" type="stmt"/>
        <line num="602" count="0" type="stmt"/>
        <line num="603" count="0" type="cond" truecount="0" falsecount="2"/>
        <line num="605" count="0" type="stmt"/>
        <line num="631" count="139" type="cond" truecount="2" falsecount="0"/>
        <line num="632" count="138" type="cond" truecount="3" falsecount="1"/>
        <line num="634" count="138" type="stmt"/>
        <line num="635" count="138" type="stmt"/>
        <line num="636" count="138" type="stmt"/>
        <line num="641" count="138" type="stmt"/>
        <line num="642" count="138" type="cond" truecount="3" falsecount="0"/>
        <line num="646" count="139" type="stmt"/>
        <line num="648" count="139" type="cond" truecount="2" falsecount="0"/>
        <line num="649" count="2" type="stmt"/>
        <line num="650" count="2" type="cond" truecount="1" falsecount="1"/>
        <line num="651" count="2" type="stmt"/>
        <line num="654" count="138" type="stmt"/>
        <line num="661" count="138" type="cond" truecount="2" falsecount="0"/>
        <line num="662" count="133" type="cond" truecount="4" falsecount="0"/>
        <line num="663" count="1" type="stmt"/>
        <line num="665" count="133" type="stmt"/>
        <line num="668" count="5" type="cond" truecount="1" falsecount="1"/>
        <line num="669" count="5" type="stmt"/>
        <line num="672" count="5" type="stmt"/>
        <line num="673" count="5" type="cond" truecount="1" falsecount="1"/>
        <line num="676" count="139" type="stmt"/>
        <line num="677" count="3" type="stmt"/>
        <line num="680" count="139" type="cond" truecount="2" falsecount="0"/>
        <line num="681" count="3" type="stmt"/>
        <line num="682" count="3" type="cond" truecount="1" falsecount="1"/>
        <line num="683" count="0" type="stmt"/>
        <line num="685" count="3" type="stmt"/>
        <line num="687" count="2" type="cond" truecount="1" falsecount="1"/>
        <line num="688" count="2" type="stmt"/>
        <line num="689" count="2" type="stmt"/>
        <line num="691" count="0" type="stmt"/>
        <line num="694" count="5" type="stmt"/>
        <line num="698" count="0" type="stmt"/>
        <line num="703" count="112" type="stmt"/>
        <line num="736" count="110" type="cond" truecount="2" falsecount="0"/>
        <line num="738" count="109" type="cond" truecount="1" falsecount="1"/>
        <line num="739" count="110" type="cond" truecount="1" falsecount="1"/>
        <line num="740" count="110" type="cond" truecount="2" falsecount="0"/>
        <line num="741" count="110" type="cond" truecount="2" falsecount="0"/>
        <line num="743" count="110" type="stmt"/>
        <line num="757" count="110" type="cond" truecount="5" falsecount="0"/>
        <line num="758" count="2" type="stmt"/>
        <line num="759" count="2" type="stmt"/>
        <line num="763" count="107" type="cond" truecount="1" falsecount="1"/>
        <line num="764" count="0" type="stmt"/>
        <line num="765" count="0" type="stmt"/>
        <line num="770" count="107" type="cond" truecount="1" falsecount="1"/>
        <line num="771" count="110" type="stmt"/>
        <line num="772" count="110" type="cond" truecount="1" falsecount="1"/>
        <line num="773" count="110" type="stmt"/>
        <line num="775" count="110" type="stmt"/>
        <line num="777" count="110" type="cond" truecount="2" falsecount="0"/>
        <line num="780" count="12" type="stmt"/>
        <line num="782" count="107" type="stmt"/>
        <line num="784" count="107" type="stmt"/>
        <line num="792" count="107" type="cond" truecount="2" falsecount="0"/>
        <line num="794" count="110" type="cond" truecount="5" falsecount="0"/>
        <line num="795" count="1" type="stmt"/>
        <line num="796" count="1" type="stmt"/>
        <line num="802" count="106" type="cond" truecount="2" falsecount="0"/>
        <line num="803" count="110" type="stmt"/>
        <line num="804" count="110" type="cond" truecount="1" falsecount="1"/>
        <line num="808" count="110" type="stmt"/>
        <line num="835" count="6" type="stmt"/>
        <line num="836" count="6" type="stmt"/>
        <line num="837" count="6" type="stmt"/>
        <line num="838" count="6" type="cond" truecount="2" falsecount="0"/>
        <line num="839" count="6" type="cond" truecount="2" falsecount="0"/>
        <line num="841" count="6" type="stmt"/>
        <line num="843" count="14" type="stmt"/>
        <line num="852" count="6" type="stmt"/>
        <line num="853" count="6" type="stmt"/>
        <line num="854" count="6" type="cond" truecount="1" falsecount="1"/>
        <line num="855" count="6" type="stmt"/>
        <line num="857" count="6" type="stmt"/>
        <line num="858" count="14" type="cond" truecount="2" falsecount="0"/>
        <line num="859" count="14" type="stmt"/>
        <line num="860" count="14" type="stmt"/>
        <line num="861" count="14" type="stmt"/>
        <line num="870" count="6" type="stmt"/>
        <line num="871" count="14" type="stmt"/>
        <line num="872" count="14" type="stmt"/>
        <line num="874" count="6" type="cond" truecount="2" falsecount="0"/>
        <line num="881" count="6" type="cond" truecount="1" falsecount="1"/>
        <line num="882" count="0" type="stmt"/>
        <line num="884" count="6" type="cond" truecount="1" falsecount="1"/>
        <line num="885" count="14" type="stmt"/>
        <line num="886" count="6" type="stmt"/>
        <line num="887" count="14" type="cond" truecount="2" falsecount="0"/>
        <line num="888" count="14" type="cond" truecount="2" falsecount="0"/>
        <line num="890" count="6" type="stmt"/>
        <line num="909" count="140" type="stmt"/>
        <line num="921" count="135" type="cond" truecount="2" falsecount="0"/>
        <line num="922" count="18" type="stmt"/>
        <line num="923" count="18" type="cond" truecount="1" falsecount="1"/>
        <line num="924" count="0" type="cond" truecount="0" falsecount="2"/>
        <line num="925" count="135" type="cond" truecount="0" falsecount="2"/>
        <line num="933" count="15" type="stmt"/>
        <line num="934" count="15" type="cond" truecount="2" falsecount="0"/>
        <line num="943" count="22" type="stmt"/>
        <line num="945" count="0" type="stmt"/>
        <line num="946" count="0" type="stmt"/>
        <line num="951" count="22" type="stmt"/>
        <line num="952" count="22" type="cond" truecount="2" falsecount="0"/>
        <line num="955" count="22" type="cond" truecount="1" falsecount="1"/>
        <line num="956" count="22" type="stmt"/>
        <line num="958" count="22" type="stmt"/>
        <line num="962" count="22" type="cond" truecount="2" falsecount="0"/>
        <line num="964" count="22" type="stmt"/>
        <line num="985" count="20" type="stmt"/>
        <line num="1000" count="9" type="stmt"/>
        <line num="1003" count="9" type="cond" truecount="2" falsecount="0"/>
        <line num="1004" count="7" type="stmt"/>
        <line num="1006" count="2" type="stmt"/>
        <line num="1007" count="2" type="cond" truecount="1" falsecount="1"/>
        <line num="1008" count="2" type="stmt"/>
        <line num="1009" count="2" type="cond" truecount="2" falsecount="0"/>
        <line num="1010" count="1" type="stmt"/>
        <line num="1013" count="8" type="stmt"/>
        <line num="1015" count="0" type="stmt"/>
        <line num="1020" count="8" type="stmt"/>
        <line num="1031" count="7" type="stmt"/>
        <line num="1032" count="7" type="cond" truecount="3" falsecount="0"/>
        <line num="1035" count="7" type="cond" truecount="1" falsecount="1"/>
        <line num="1036" count="7" type="stmt"/>
        <line num="1037" count="7" type="cond" truecount="1" falsecount="1"/>
        <line num="1042" count="8" type="stmt"/>
        <line num="1057" count="2" type="stmt"/>
        <line num="1058" count="2" type="stmt"/>
        <line num="1059" count="2" type="cond" truecount="2" falsecount="0"/>
        <line num="1061" count="1" type="stmt"/>
        <line num="1069" count="7" type="stmt"/>
        <line num="1073" count="1" type="stmt"/>
        <line num="1077" count="2" type="stmt"/>
        <line num="1081" count="3" type="stmt"/>
        <line num="1085" count="1" type="stmt"/>
        <line num="1095" count="3" type="stmt"/>
        <line num="1099" count="121" type="stmt"/>
        <line num="1103" count="27" type="stmt"/>
        <line num="1107" count="15" type="stmt"/>
        <line num="1112" count="145" type="stmt"/>
        <line num="1117" count="4" type="stmt"/>
        <line num="1120" count="4" type="cond" truecount="2" falsecount="0"/>
        <line num="1121" count="1" type="stmt"/>
        <line num="1122" count="1" type="cond" truecount="1" falsecount="2"/>
        <line num="1127" count="4" type="cond" truecount="2" falsecount="0"/>
        <line num="1129" count="3" type="stmt"/>
        <line num="1130" count="2" type="stmt"/>
        <line num="1131" count="2" type="cond" truecount="2" falsecount="0"/>
        <line num="1135" count="4" type="cond" truecount="2" falsecount="0"/>
        <line num="1137" count="2" type="stmt"/>
        <line num="1138" count="2" type="cond" truecount="1" falsecount="1"/>
        <line num="1140" count="2" type="stmt"/>
        <line num="1144" count="0" type="stmt"/>
        <line num="1145" count="0" type="stmt"/>
        <line num="1146" count="0" type="stmt"/>
        <line num="1149" count="0" type="cond" truecount="0" falsecount="2"/>
        <line num="1150" count="0" type="stmt"/>
        <line num="1151" count="0" type="stmt"/>
        <line num="1152" count="0" type="cond" truecount="0" falsecount="2"/>
        <line num="1153" count="0" type="stmt"/>
        <line num="1154" count="0" type="stmt"/>
        <line num="1155" count="0" type="stmt"/>
        <line num="1162" count="124" type="stmt"/>
        <line num="1163" count="124" type="stmt"/>
        <line num="1164" count="124" type="stmt"/>
        <line num="1165" count="124" type="stmt"/>
      </file>
      <file name="auth.ts" path="/Users/shuaiyuan/Developer/tomo/src/auth.ts">
        <metrics statements="17" coveredstatements="17" conditionals="30" coveredconditionals="28" methods="5" coveredmethods="5"/>
        <line num="1" count="19" type="stmt"/>
        <line num="29" count="27" type="cond" truecount="2" falsecount="0"/>
        <line num="30" count="27" type="stmt"/>
        <line num="31" count="27" type="stmt"/>
        <line num="33" count="27" type="cond" truecount="2" falsecount="0"/>
        <line num="34" count="2" type="stmt"/>
        <line num="42" count="25" type="stmt"/>
        <line num="43" count="25" type="cond" truecount="4" falsecount="0"/>
        <line num="44" count="1" type="stmt"/>
        <line num="52" count="24" type="cond" truecount="2" falsecount="0"/>
        <line num="54" count="27" type="cond" truecount="4" falsecount="0"/>
        <line num="58" count="27" type="stmt"/>
        <line num="67" count="6" type="cond" truecount="2" falsecount="0"/>
        <line num="71" count="5" type="stmt"/>
        <line num="75" count="79" type="cond" truecount="2" falsecount="0"/>
        <line num="76" count="11" type="cond" truecount="1" falsecount="1"/>
        <line num="80" count="27" type="cond" truecount="3" falsecount="0"/>
      </file>
      <file name="config.ts" path="/Users/shuaiyuan/Developer/tomo/src/config.ts">
        <metrics statements="105" coveredstatements="97" conditionals="133" coveredconditionals="103" methods="23" coveredmethods="19"/>
        <line num="16" count="17" type="stmt"/>
        <line num="17" count="17" type="stmt"/>
        <line num="18" count="17" type="stmt"/>
        <line num="19" count="17" type="stmt"/>
        <line num="20" count="17" type="stmt"/>
        <line num="21" count="17" type="stmt"/>
        <line num="22" count="17" type="stmt"/>
        <line num="23" count="17" type="stmt"/>
        <line num="24" count="17" type="stmt"/>
        <line num="25" count="17" type="stmt"/>
        <line num="132" count="17" type="stmt"/>
        <line num="135" count="17" type="stmt"/>
        <line num="142" count="17" type="stmt"/>
        <line num="143" count="17" type="cond" truecount="1" falsecount="1"/>
        <line num="145" count="0" type="stmt"/>
        <line num="152" count="428" type="cond" truecount="4" falsecount="0"/>
        <line num="153" count="167" type="stmt"/>
        <line num="154" count="167" type="cond" truecount="2" falsecount="0"/>
        <line num="155" count="9" type="stmt"/>
        <line num="156" count="9" type="cond" truecount="2" falsecount="0"/>
        <line num="158" count="9" type="cond" truecount="4" falsecount="0"/>
        <line num="161" count="428" type="stmt"/>
        <line num="162" count="428" type="stmt"/>
        <line num="167" count="222" type="stmt"/>
        <line num="168" count="222" type="cond" truecount="4" falsecount="0"/>
        <line num="174" count="17" type="stmt"/>
        <line num="175" count="17" type="stmt"/>
        <line num="176" count="17" type="stmt"/>
        <line num="177" count="17" type="stmt"/>
        <line num="178" count="29" type="cond" truecount="2" falsecount="0"/>
        <line num="179" count="2" type="cond" truecount="1" falsecount="1"/>
        <line num="180" count="2" type="stmt"/>
        <line num="181" count="2" type="cond" truecount="1" falsecount="1"/>
        <line num="182" count="2" type="cond" truecount="2" falsecount="0"/>
        <line num="184" count="1" type="stmt"/>
        <line num="185" count="1" type="stmt"/>
        <line num="188" count="17" type="stmt"/>
        <line num="190" count="17" type="stmt"/>
        <line num="204" count="17" type="stmt"/>
        <line num="210" count="17" type="stmt"/>
        <line num="218" count="17" type="stmt"/>
        <line num="228" count="13" type="cond" truecount="2" falsecount="0"/>
        <line num="230" count="13" type="cond" truecount="2" falsecount="0"/>
        <line num="231" count="1" type="stmt"/>
        <line num="232" count="1" type="stmt"/>
        <line num="234" count="12" type="stmt"/>
        <line num="237" count="17" type="stmt"/>
        <line num="238" count="0" type="stmt"/>
        <line num="242" count="17" type="stmt"/>
        <line num="249" count="17" type="stmt"/>
        <line num="250" count="17" type="cond" truecount="3" falsecount="0"/>
        <line num="251" count="17" type="cond" truecount="1" falsecount="1"/>
        <line num="253" count="0" type="stmt"/>
        <line num="261" count="9" type="stmt"/>
        <line num="262" count="0" type="cond" truecount="0" falsecount="3"/>
        <line num="263" count="0" type="cond" truecount="0" falsecount="2"/>
        <line num="265" count="9" type="cond" truecount="1" falsecount="1"/>
        <line num="268" count="9" type="cond" truecount="1" falsecount="1"/>
        <line num="272" count="17" type="stmt"/>
        <line num="273" count="17" type="cond" truecount="3" falsecount="0"/>
        <line num="275" count="17" type="cond" truecount="2" falsecount="0"/>
        <line num="277" count="9" type="stmt"/>
        <line num="295" count="17" type="cond" truecount="1" falsecount="1"/>
        <line num="297" count="17" type="stmt"/>
        <line num="298" count="17" type="stmt"/>
        <line num="300" count="1" type="cond" truecount="1" falsecount="1"/>
        <line num="301" count="1" type="stmt"/>
        <line num="303" count="16" type="cond" truecount="5" falsecount="0"/>
        <line num="304" count="1" type="cond" truecount="1" falsecount="1"/>
        <line num="305" count="1" type="stmt"/>
        <line num="307" count="15" type="stmt"/>
        <line num="311" count="17" type="stmt"/>
        <line num="312" count="17" type="stmt"/>
        <line num="313" count="17" type="stmt"/>
        <line num="314" count="19" type="stmt"/>
        <line num="316" count="17" type="stmt"/>
        <line num="320" count="17" type="stmt"/>
        <line num="321" count="17" type="stmt"/>
        <line num="322" count="17" type="stmt"/>
        <line num="323" count="13" type="stmt"/>
        <line num="324" count="13" type="cond" truecount="2" falsecount="0"/>
        <line num="325" count="11" type="stmt"/>
        <line num="327" count="2" type="stmt"/>
        <line num="328" count="2" type="cond" truecount="1" falsecount="1"/>
        <line num="330" count="2" type="stmt"/>
        <line num="333" count="17" type="stmt"/>
        <line num="337" count="17" type="stmt"/>
        <line num="338" count="17" type="stmt"/>
        <line num="339" count="17" type="stmt"/>
        <line num="340" count="17" type="cond" truecount="2" falsecount="0"/>
        <line num="341" count="17" type="cond" truecount="2" falsecount="0"/>
        <line num="342" count="17" type="stmt"/>
        <line num="346" count="27" type="stmt"/>
        <line num="349" count="17" type="stmt"/>
        <line num="356" count="17" type="stmt"/>
        <line num="363" count="17" type="stmt"/>
        <line num="412" count="19" type="cond" truecount="1" falsecount="1"/>
        <line num="415" count="19" type="cond" truecount="1" falsecount="1"/>
        <line num="440" count="17" type="stmt"/>
        <line num="444" count="0" type="cond" truecount="0" falsecount="2"/>
        <line num="454" count="4" type="cond" truecount="2" falsecount="0"/>
        <line num="455" count="3" type="stmt"/>
        <line num="457" count="8" type="stmt"/>
        <line num="468" count="0" type="cond" truecount="0" falsecount="4"/>
        <line num="469" count="0" type="stmt"/>
      </file>
      <file name="continuity-defaults.ts" path="/Users/shuaiyuan/Developer/tomo/src/continuity-defaults.ts">
        <metrics statements="3" coveredstatements="3" conditionals="0" coveredconditionals="0" methods="0" coveredmethods="0"/>
        <line num="1" count="18" type="stmt"/>
        <line num="2" count="18" type="stmt"/>
        <line num="3" count="18" type="stmt"/>
      </file>
      <file name="continuity-script.ts" path="/Users/shuaiyuan/Developer/tomo/src/continuity-script.ts">
        <metrics statements="82" coveredstatements="66" conditionals="57" coveredconditionals="34" methods="18" coveredmethods="15"/>
        <line num="5" count="18" type="stmt"/>
        <line num="6" count="18" type="stmt"/>
        <line num="26" count="6" type="stmt"/>
        <line num="27" count="6" type="cond" truecount="1" falsecount="1"/>
        <line num="28" count="0" type="stmt"/>
        <line num="31" count="6" type="stmt"/>
        <line num="32" count="6" type="stmt"/>
        <line num="33" count="6" type="cond" truecount="1" falsecount="1"/>
        <line num="34" count="0" type="stmt"/>
        <line num="37" count="0" type="cond" truecount="0" falsecount="2"/>
        <line num="38" count="0" type="stmt"/>
        <line num="41" count="6" type="stmt"/>
        <line num="42" count="6" type="stmt"/>
        <line num="46" count="6" type="stmt"/>
        <line num="48" count="6" type="stmt"/>
        <line num="49" count="6" type="cond" truecount="4" falsecount="1"/>
        <line num="50" count="1" type="stmt"/>
        <line num="53" count="6" type="stmt"/>
        <line num="57" count="12" type="cond" truecount="3" falsecount="1"/>
        <line num="67" count="7" type="stmt"/>
        <line num="68" count="7" type="stmt"/>
        <line num="69" count="7" type="stmt"/>
        <line num="70" count="7" type="stmt"/>
        <line num="71" count="7" type="stmt"/>
        <line num="72" count="7" type="stmt"/>
        <line num="73" count="7" type="stmt"/>
        <line num="74" count="7" type="stmt"/>
        <line num="75" count="7" type="stmt"/>
        <line num="77" count="7" type="stmt"/>
        <line num="78" count="8" type="cond" truecount="2" falsecount="0"/>
        <line num="79" count="7" type="stmt"/>
        <line num="80" count="7" type="cond" truecount="1" falsecount="1"/>
        <line num="81" count="7" type="cond" truecount="1" falsecount="1"/>
        <line num="82" count="7" type="stmt"/>
        <line num="86" count="7" type="stmt"/>
        <line num="87" count="7" type="stmt"/>
        <line num="96" count="0" type="stmt"/>
        <line num="106" count="0" type="stmt"/>
        <line num="109" count="7" type="stmt"/>
        <line num="110" count="0" type="stmt"/>
        <line num="111" count="0" type="stmt"/>
        <line num="112" count="0" type="stmt"/>
        <line num="113" count="0" type="cond" truecount="0" falsecount="2"/>
        <line num="117" count="7" type="stmt"/>
        <line num="118" count="5" type="stmt"/>
        <line num="119" count="5" type="stmt"/>
        <line num="120" count="5" type="cond" truecount="2" falsecount="0"/>
        <line num="123" count="7" type="stmt"/>
        <line num="124" count="1" type="stmt"/>
        <line num="125" count="1" type="stmt"/>
        <line num="126" count="1" type="cond" truecount="2" falsecount="0"/>
        <line num="129" count="7" type="stmt"/>
        <line num="130" count="1" type="stmt"/>
        <line num="142" count="7" type="stmt"/>
        <line num="143" count="7" type="stmt"/>
        <line num="157" count="6" type="cond" truecount="1" falsecount="1"/>
        <line num="159" count="6" type="stmt"/>
        <line num="160" count="6" type="stmt"/>
        <line num="161" count="6" type="cond" truecount="2" falsecount="0"/>
        <line num="162" count="1" type="stmt"/>
        <line num="165" count="5" type="stmt"/>
        <line num="169" count="0" type="stmt"/>
        <line num="183" count="6" type="stmt"/>
        <line num="190" count="6" type="cond" truecount="2" falsecount="0"/>
        <line num="191" count="5" type="stmt"/>
        <line num="193" count="6" type="cond" truecount="2" falsecount="0"/>
        <line num="194" count="1" type="stmt"/>
        <line num="196" count="6" type="cond" truecount="3" falsecount="1"/>
        <line num="197" count="0" type="stmt"/>
        <line num="200" count="6" type="stmt"/>
        <line num="204" count="6" type="cond" truecount="1" falsecount="1"/>
        <line num="205" count="0" type="cond" truecount="0" falsecount="2"/>
        <line num="206" count="0" type="stmt"/>
        <line num="208" count="6" type="cond" truecount="1" falsecount="1"/>
        <line num="209" count="6" type="cond" truecount="2" falsecount="0"/>
        <line num="210" count="1" type="cond" truecount="1" falsecount="1"/>
        <line num="211" count="0" type="cond" truecount="0" falsecount="2"/>
        <line num="212" count="0" type="stmt"/>
        <line num="216" count="6" type="stmt"/>
        <line num="217" count="6" type="cond" truecount="2" falsecount="0"/>
        <line num="218" count="1" type="stmt"/>
        <line num="222" count="7" type="stmt"/>
      </file>
      <file name="continuity.ts" path="/Users/shuaiyuan/Developer/tomo/src/continuity.ts">
        <metrics statements="52" coveredstatements="43" conditionals="35" coveredconditionals="26" methods="10" coveredmethods="9"/>
        <line num="9" count="1" type="stmt"/>
        <line num="17" count="3" type="cond" truecount="2" falsecount="0"/>
        <line num="18" count="1" type="cond" truecount="3" falsecount="1"/>
        <line num="22" count="2" type="stmt"/>
        <line num="23" count="2" type="cond" truecount="2" falsecount="0"/>
        <line num="24" count="1" type="stmt"/>
        <line num="25" count="1" type="cond" truecount="1" falsecount="1"/>
        <line num="26" count="1" type="stmt"/>
        <line num="30" count="0" type="stmt"/>
        <line num="31" count="0" type="stmt"/>
        <line num="34" count="0" type="cond" truecount="0" falsecount="2"/>
        <line num="35" count="0" type="stmt"/>
        <line num="37" count="0" type="stmt"/>
        <line num="47" count="3" type="stmt"/>
        <line num="48" count="3" type="stmt"/>
        <line num="56" count="3" type="stmt"/>
        <line num="57" count="3" type="cond" truecount="2" falsecount="0"/>
        <line num="58" count="3" type="cond" truecount="2" falsecount="0"/>
        <line num="59" count="3" type="cond" truecount="2" falsecount="0"/>
        <line num="60" count="3" type="stmt"/>
        <line num="64" count="2" type="stmt"/>
        <line num="65" count="2" type="stmt"/>
        <line num="66" count="2" type="stmt"/>
        <line num="70" count="2" type="cond" truecount="1" falsecount="1"/>
        <line num="71" count="2" type="stmt"/>
        <line num="72" count="2" type="stmt"/>
        <line num="74" count="2" type="stmt"/>
        <line num="75" count="2" type="stmt"/>
        <line num="76" count="2" type="stmt"/>
        <line num="81" count="2" type="stmt"/>
        <line num="82" count="2" type="stmt"/>
        <line num="83" count="2" type="stmt"/>
        <line num="84" count="1" type="cond" truecount="3" falsecount="1"/>
        <line num="85" count="1" type="stmt"/>
        <line num="86" count="1" type="stmt"/>
        <line num="87" count="1" type="stmt"/>
        <line num="96" count="3" type="stmt"/>
        <line num="97" count="3" type="stmt"/>
        <line num="107" count="3" type="stmt"/>
        <line num="108" count="3" type="cond" truecount="1" falsecount="1"/>
        <line num="109" count="0" type="stmt"/>
        <line num="110" count="0" type="cond" truecount="0" falsecount="2"/>
        <line num="111" count="0" type="stmt"/>
        <line num="115" count="3" type="stmt"/>
        <line num="116" count="3" type="cond" truecount="2" falsecount="0"/>
        <line num="117" count="2" type="stmt"/>
        <line num="120" count="3" type="stmt"/>
        <line num="122" count="3" type="stmt"/>
        <line num="128" count="3" type="stmt"/>
        <line num="129" count="3" type="stmt"/>
        <line num="130" count="3" type="stmt"/>
        <line num="132" count="0" type="stmt"/>
      </file>
      <file name="costs.ts" path="/Users/shuaiyuan/Developer/tomo/src/costs.ts">
        <metrics statements="52" coveredstatements="36" conditionals="43" coveredconditionals="27" methods="11" coveredmethods="9"/>
        <line num="13" count="9" type="stmt"/>
        <line num="16" count="1" type="cond" truecount="1" falsecount="1"/>
        <line num="18" count="1" type="stmt"/>
        <line num="19" count="1" type="stmt"/>
        <line num="21" count="1" type="stmt"/>
        <line num="22" count="5" type="cond" truecount="4" falsecount="0"/>
        <line num="23" count="4" type="stmt"/>
        <line num="24" count="4" type="stmt"/>
        <line num="25" count="4" type="cond" truecount="1" falsecount="1"/>
        <line num="26" count="4" type="stmt"/>
        <line num="27" count="4" type="cond" truecount="1" falsecount="1"/>
        <line num="28" count="4" type="stmt"/>
        <line num="38" count="1" type="stmt"/>
        <line num="47" count="3" type="cond" truecount="3" falsecount="1"/>
        <line num="48" count="1" type="stmt"/>
        <line num="49" count="1" type="stmt"/>
        <line num="50" count="1" type="stmt"/>
        <line num="51" count="0" type="stmt"/>
        <line num="53" count="9" type="stmt"/>
        <line num="57" count="6" type="stmt"/>
        <line num="61" count="0" type="cond" truecount="0" falsecount="2"/>
        <line num="63" count="0" type="stmt"/>
        <line num="64" count="0" type="stmt"/>
        <line num="66" count="0" type="stmt"/>
        <line num="67" count="0" type="stmt"/>
        <line num="68" count="0" type="cond" truecount="0" falsecount="2"/>
        <line num="69" count="0" type="stmt"/>
        <line num="70" count="0" type="stmt"/>
        <line num="71" count="0" type="stmt"/>
        <line num="74" count="0" type="stmt"/>
        <line num="81" count="0" type="stmt"/>
        <line num="82" count="0" type="stmt"/>
        <line num="83" count="0" type="cond" truecount="0" falsecount="2"/>
        <line num="84" count="0" type="stmt"/>
        <line num="87" count="0" type="stmt"/>
        <line num="94" count="1" type="cond" truecount="2" falsecount="0"/>
        <line num="95" count="4" type="stmt"/>
        <line num="96" count="1" type="cond" truecount="2" falsecount="0"/>
        <line num="97" count="1" type="stmt"/>
        <line num="103" count="1" type="stmt"/>
        <line num="104" count="1" type="stmt"/>
        <line num="105" count="3" type="stmt"/>
        <line num="106" count="3" type="stmt"/>
        <line num="107" count="3" type="stmt"/>
        <line num="108" count="3" type="cond" truecount="1" falsecount="1"/>
        <line num="109" count="3" type="cond" truecount="2" falsecount="0"/>
        <line num="112" count="1" type="stmt"/>
        <line num="116" count="4" type="cond" truecount="2" falsecount="2"/>
        <line num="117" count="4" type="cond" truecount="1" falsecount="1"/>
        <line num="118" count="4" type="stmt"/>
        <line num="119" count="4" type="cond" truecount="1" falsecount="1"/>
        <line num="123" count="6" type="stmt"/>
      </file>
      <file name="fs-utils.ts" path="/Users/shuaiyuan/Developer/tomo/src/fs-utils.ts">
        <metrics statements="17" coveredstatements="15" conditionals="10" coveredconditionals="9" methods="4" coveredmethods="4"/>
        <line num="5" count="552" type="stmt"/>
        <line num="8" count="552" type="cond" truecount="2" falsecount="0"/>
        <line num="9" count="552" type="stmt"/>
        <line num="10" count="552" type="cond" truecount="2" falsecount="0"/>
        <line num="11" count="176" type="stmt"/>
        <line num="13" count="376" type="stmt"/>
        <line num="15" count="552" type="stmt"/>
        <line num="16" count="552" type="cond" truecount="2" falsecount="0"/>
        <line num="18" count="0" type="stmt"/>
        <line num="19" count="0" type="stmt"/>
        <line num="24" count="525" type="stmt"/>
        <line num="28" count="9" type="cond" truecount="2" falsecount="0"/>
        <line num="29" count="7" type="stmt"/>
        <line num="30" count="7" type="cond" truecount="1" falsecount="1"/>
        <line num="34" count="541" type="stmt"/>
        <line num="35" count="541" type="stmt"/>
        <line num="37" count="176" type="stmt"/>
      </file>
      <file name="jsonl.ts" path="/Users/shuaiyuan/Developer/tomo/src/jsonl.ts">
        <metrics statements="68" coveredstatements="62" conditionals="17" coveredconditionals="13" methods="5" coveredmethods="5"/>
        <line num="4" count="43" type="stmt"/>
        <line num="5" count="43" type="stmt"/>
        <line num="6" count="434" type="stmt"/>
        <line num="7" count="434" type="cond" truecount="2" falsecount="0"/>
        <line num="8" count="391" type="stmt"/>
        <line num="9" count="391" type="stmt"/>
        <line num="15" count="43" type="stmt"/>
        <line num="19" count="28" type="stmt"/>
        <line num="38" count="50" type="stmt"/>
        <line num="39" count="50" type="stmt"/>
        <line num="41" count="7" type="stmt"/>
        <line num="43" count="43" type="stmt"/>
        <line num="44" count="43" type="stmt"/>
        <line num="45" count="43" type="stmt"/>
        <line num="46" count="43" type="stmt"/>
        <line num="47" count="908" type="stmt"/>
        <line num="48" count="908" type="stmt"/>
        <line num="49" count="908" type="stmt"/>
        <line num="50" count="908" type="stmt"/>
        <line num="51" count="908" type="stmt"/>
        <line num="52" count="908" type="stmt"/>
        <line num="53" count="908" type="cond" truecount="2" falsecount="0"/>
        <line num="56" count="867" type="stmt"/>
        <line num="57" count="867" type="cond" truecount="2" falsecount="0"/>
        <line num="58" count="266" type="stmt"/>
        <line num="59" count="266" type="stmt"/>
        <line num="61" count="601" type="stmt"/>
        <line num="62" count="601" type="stmt"/>
        <line num="64" count="642" type="stmt"/>
        <line num="65" count="642" type="stmt"/>
        <line num="66" count="799" type="stmt"/>
        <line num="67" count="799" type="cond" truecount="2" falsecount="0"/>
        <line num="68" count="757" type="stmt"/>
        <line num="69" count="757" type="stmt"/>
        <line num="76" count="43" type="stmt"/>
        <line num="83" count="9" type="stmt"/>
        <line num="84" count="9" type="stmt"/>
        <line num="85" count="41" type="stmt"/>
        <line num="86" count="41" type="cond" truecount="2" falsecount="0"/>
        <line num="88" count="9" type="stmt"/>
        <line num="94" count="116" type="stmt"/>
        <line num="95" count="116" type="stmt"/>
        <line num="97" count="108" type="stmt"/>
        <line num="99" count="8" type="stmt"/>
        <line num="100" count="8" type="stmt"/>
        <line num="101" count="8" type="stmt"/>
        <line num="102" count="8" type="stmt"/>
        <line num="103" count="8" type="stmt"/>
        <line num="104" count="8" type="stmt"/>
        <line num="105" count="8" type="stmt"/>
        <line num="106" count="8" type="stmt"/>
        <line num="107" count="8" type="stmt"/>
        <line num="108" count="8" type="stmt"/>
        <line num="109" count="8" type="cond" truecount="1" falsecount="1"/>
        <line num="111" count="8" type="stmt"/>
        <line num="113" count="8" type="stmt"/>
        <line num="114" count="9" type="stmt"/>
        <line num="115" count="9" type="stmt"/>
        <line num="116" count="9" type="cond" truecount="1" falsecount="1"/>
        <line num="117" count="9" type="stmt"/>
        <line num="118" count="9" type="stmt"/>
        <line num="123" count="0" type="stmt"/>
        <line num="125" count="0" type="stmt"/>
        <line num="126" count="0" type="cond" truecount="0" falsecount="2"/>
        <line num="127" count="0" type="stmt"/>
        <line num="128" count="0" type="stmt"/>
        <line num="133" count="0" type="stmt"/>
        <line num="135" count="8" type="stmt"/>
      </file>
      <file name="litellm.ts" path="/Users/shuaiyuan/Developer/tomo/src/litellm.ts">
        <metrics statements="15" coveredstatements="15" conditionals="15" coveredconditionals="15" methods="4" coveredmethods="4"/>
        <line num="1" count="27" type="stmt"/>
        <line num="4" count="27" type="stmt"/>
        <line num="5" count="27" type="stmt"/>
        <line num="6" count="27" type="stmt"/>
        <line num="7" count="27" type="stmt"/>
        <line num="8" count="27" type="stmt"/>
        <line num="11" count="5" type="cond" truecount="2" falsecount="0"/>
        <line num="12" count="5" type="cond" truecount="5" falsecount="0"/>
        <line num="13" count="2" type="stmt"/>
        <line num="15" count="3" type="stmt"/>
        <line num="19" count="3" type="cond" truecount="2" falsecount="0"/>
        <line num="20" count="3" type="cond" truecount="2" falsecount="0"/>
        <line num="21" count="2" type="cond" truecount="2" falsecount="0"/>
        <line num="25" count="3" type="cond" truecount="2" falsecount="0"/>
        <line num="31" count="14" type="stmt"/>
      </file>
      <file name="logger.ts" path="/Users/shuaiyuan/Developer/tomo/src/logger.ts">
        <metrics statements="5" coveredstatements="3" conditionals="4" coveredconditionals="3" methods="1" coveredmethods="0"/>
        <line num="5" count="15" type="stmt"/>
        <line num="8" count="15" type="cond" truecount="1" falsecount="1"/>
        <line num="10" count="0" type="stmt"/>
        <line num="11" count="0" type="stmt"/>
        <line num="25" count="15" type="stmt"/>
      </file>
      <file name="models.ts" path="/Users/shuaiyuan/Developer/tomo/src/models.ts">
        <metrics statements="18" coveredstatements="18" conditionals="12" coveredconditionals="11" methods="6" coveredmethods="6"/>
        <line num="3" count="27" type="stmt"/>
        <line num="5" count="27" type="stmt"/>
        <line num="13" count="27" type="stmt"/>
        <line num="21" count="27" type="stmt"/>
        <line num="22" count="27" type="stmt"/>
        <line num="25" count="209" type="stmt"/>
        <line num="29" count="127" type="stmt"/>
        <line num="33" count="6" type="stmt"/>
        <line num="37" count="214" type="stmt"/>
        <line num="38" count="214" type="cond" truecount="1" falsecount="1"/>
        <line num="40" count="214" type="stmt"/>
        <line num="41" count="214" type="cond" truecount="2" falsecount="0"/>
        <line num="43" count="209" type="cond" truecount="2" falsecount="0"/>
        <line num="44" count="20" type="cond" truecount="2" falsecount="0"/>
        <line num="45" count="6" type="cond" truecount="2" falsecount="0"/>
        <line num="47" count="3" type="stmt"/>
        <line num="51" count="98" type="cond" truecount="2" falsecount="0"/>
        <line num="55" count="1" type="stmt"/>
      </file>
      <file name="router.ts" path="/Users/shuaiyuan/Developer/tomo/src/router.ts">
        <metrics statements="103" coveredstatements="99" conditionals="69" coveredconditionals="61" methods="19" coveredmethods="19"/>
        <line num="26" count="157" type="stmt"/>
        <line num="27" count="157" type="stmt"/>
        <line num="31" count="157" type="cond" truecount="1" falsecount="0"/>
        <line num="34" count="157" type="stmt"/>
        <line num="35" count="157" type="stmt"/>
        <line num="36" count="9" type="stmt"/>
        <line num="40" count="157" type="stmt"/>
        <line num="41" count="43" type="stmt"/>
        <line num="42" count="50" type="cond" truecount="2" falsecount="0"/>
        <line num="43" count="1" type="stmt"/>
        <line num="51" count="4" type="stmt"/>
        <line num="56" count="362" type="stmt"/>
        <line num="57" count="362" type="cond" truecount="2" falsecount="0"/>
        <line num="58" count="19" type="cond" truecount="2" falsecount="0"/>
        <line num="60" count="9" type="cond" truecount="2" falsecount="0"/>
        <line num="61" count="2" type="stmt"/>
        <line num="62" count="2" type="cond" truecount="4" falsecount="0"/>
        <line num="64" count="8" type="stmt"/>
        <line num="69" count="4" type="stmt"/>
        <line num="70" count="4" type="cond" truecount="2" falsecount="0"/>
        <line num="74" count="2" type="stmt"/>
        <line num="75" count="2" type="stmt"/>
        <line num="76" count="1" type="stmt"/>
        <line num="77" count="1" type="cond" truecount="1" falsecount="1"/>
        <line num="79" count="2" type="stmt"/>
        <line num="81" count="4" type="stmt"/>
        <line num="86" count="12" type="stmt"/>
        <line num="87" count="12" type="stmt"/>
        <line num="92" count="2" type="stmt"/>
        <line num="93" count="2" type="cond" truecount="2" falsecount="0"/>
        <line num="94" count="2" type="stmt"/>
        <line num="99" count="14" type="stmt"/>
        <line num="104" count="6" type="stmt"/>
        <line num="116" count="40" type="stmt"/>
        <line num="117" count="40" type="stmt"/>
        <line num="118" count="40" type="cond" truecount="2" falsecount="0"/>
        <line num="119" count="2" type="stmt"/>
        <line num="120" count="2" type="stmt"/>
        <line num="121" count="2" type="stmt"/>
        <line num="123" count="38" type="cond" truecount="2" falsecount="0"/>
        <line num="124" count="9" type="cond" truecount="2" falsecount="0"/>
        <line num="125" count="9" type="stmt"/>
        <line num="135" count="164" type="cond" truecount="2" falsecount="0"/>
        <line num="136" count="26" type="stmt"/>
        <line num="137" count="26" type="cond" truecount="2" falsecount="0"/>
        <line num="138" count="6" type="stmt"/>
        <line num="143" count="6" type="stmt"/>
        <line num="144" count="6" type="cond" truecount="2" falsecount="0"/>
        <line num="145" count="6" type="cond" truecount="2" falsecount="0"/>
        <line num="147" count="6" type="cond" truecount="2" falsecount="0"/>
        <line num="148" count="5" type="stmt"/>
        <line num="155" count="1" type="stmt"/>
        <line num="156" count="1" type="stmt"/>
        <line num="161" count="21" type="stmt"/>
        <line num="168" count="138" type="stmt"/>
        <line num="169" count="138" type="cond" truecount="2" falsecount="0"/>
        <line num="170" count="107" type="stmt"/>
        <line num="176" count="31" type="stmt"/>
        <line num="179" count="31" type="stmt"/>
        <line num="182" count="31" type="stmt"/>
        <line num="185" count="31" type="stmt"/>
        <line num="187" count="31" type="stmt"/>
        <line num="192" count="25" type="stmt"/>
        <line num="202" count="3" type="stmt"/>
        <line num="203" count="3" type="stmt"/>
        <line num="205" count="3" type="cond" truecount="2" falsecount="0"/>
        <line num="207" count="2" type="stmt"/>
        <line num="208" count="2" type="cond" truecount="1" falsecount="1"/>
        <line num="211" count="2" type="cond" truecount="1" falsecount="1"/>
        <line num="212" count="0" type="stmt"/>
        <line num="213" count="0" type="cond" truecount="0" falsecount="2"/>
        <line num="214" count="0" type="stmt"/>
        <line num="219" count="2" type="stmt"/>
        <line num="220" count="2" type="stmt"/>
        <line num="225" count="15" type="stmt"/>
        <line num="226" count="13" type="cond" truecount="2" falsecount="0"/>
        <line num="228" count="6" type="stmt"/>
        <line num="232" count="144" type="stmt"/>
        <line num="233" count="37" type="stmt"/>
        <line num="234" count="37" type="cond" truecount="1" falsecount="1"/>
        <line num="235" count="37" type="cond" truecount="2" falsecount="0"/>
        <line num="237" count="4" type="cond" truecount="2" falsecount="0"/>
        <line num="238" count="2" type="stmt"/>
        <line num="239" count="2" type="cond" truecount="3" falsecount="1"/>
        <line num="241" count="2" type="stmt"/>
        <line num="250" count="31" type="cond" truecount="2" falsecount="0"/>
        <line num="251" count="28" type="stmt"/>
        <line num="255" count="3" type="stmt"/>
        <line num="256" count="3" type="stmt"/>
        <line num="257" count="3" type="cond" truecount="2" falsecount="0"/>
        <line num="258" count="2" type="stmt"/>
        <line num="262" count="1" type="stmt"/>
        <line num="267" count="36" type="cond" truecount="2" falsecount="0"/>
        <line num="270" count="26" type="stmt"/>
        <line num="271" count="26" type="stmt"/>
        <line num="272" count="34" type="stmt"/>
        <line num="273" count="34" type="cond" truecount="2" falsecount="0"/>
        <line num="276" count="26" type="cond" truecount="2" falsecount="0"/>
        <line num="278" count="2" type="cond" truecount="1" falsecount="1"/>
        <line num="279" count="2" type="stmt"/>
        <line num="280" count="2" type="stmt"/>
        <line num="281" count="2" type="stmt"/>
        <line num="286" count="0" type="stmt"/>
      </file>
      <file name="runtime-paths.ts" path="/Users/shuaiyuan/Developer/tomo/src/runtime-paths.ts">
        <metrics statements="10" coveredstatements="10" conditionals="16" coveredconditionals="16" methods="2" coveredmethods="2"/>
        <line num="32" count="33" type="stmt"/>
        <line num="33" count="33" type="stmt"/>
        <line num="37" count="31" type="cond" truecount="2" falsecount="0"/>
        <line num="38" count="31" type="cond" truecount="2" falsecount="0"/>
        <line num="39" count="31" type="cond" truecount="2" falsecount="0"/>
        <line num="40" count="31" type="stmt"/>
        <line num="43" count="31" type="stmt"/>
        <line num="46" count="31" type="cond" truecount="2" falsecount="0"/>
        <line num="48" count="31" type="stmt"/>
        <line num="62" count="29" type="stmt"/>
      </file>
    </package>
    <package name="src.agent">
      <metrics statements="1232" coveredstatements="1057" conditionals="939" coveredconditionals="699" methods="187" coveredmethods="165"/>
      <file name="audience.ts" path="/Users/shuaiyuan/Developer/tomo/src/agent/audience.ts">
        <metrics statements="7" coveredstatements="7" conditionals="10" coveredconditionals="10" methods="2" coveredmethods="2"/>
        <line num="5" count="123" type="cond" truecount="2" falsecount="0"/>
        <line num="23" count="30" type="cond" truecount="2" falsecount="0"/>
        <line num="24" count="29" type="stmt"/>
        <line num="25" count="29" type="cond" truecount="2" falsecount="0"/>
        <line num="26" count="1" type="stmt"/>
        <line num="28" count="28" type="cond" truecount="4" falsecount="0"/>
        <line num="29" count="3" type="stmt"/>
      </file>
      <file name="claude-login.ts" path="/Users/shuaiyuan/Developer/tomo/src/agent/claude-login.ts">
        <metrics statements="94" coveredstatements="76" conditionals="58" coveredconditionals="38" methods="18" coveredmethods="12"/>
        <line num="3" count="10" type="stmt"/>
        <line num="4" count="10" type="stmt"/>
        <line num="43" count="128" type="stmt"/>
        <line num="49" count="128" type="cond" truecount="1" falsecount="1"/>
        <line num="52" count="128" type="cond" truecount="2" falsecount="0"/>
        <line num="53" count="128" type="cond" truecount="2" falsecount="0"/>
        <line num="57" count="6" type="stmt"/>
        <line num="58" count="6" type="cond" truecount="2" falsecount="0"/>
        <line num="59" count="2" type="cond" truecount="2" falsecount="0"/>
        <line num="60" count="1" type="stmt"/>
        <line num="62" count="1" type="stmt"/>
        <line num="68" count="4" type="stmt"/>
        <line num="71" count="4" type="stmt"/>
        <line num="72" count="4" type="stmt"/>
        <line num="73" count="4" type="stmt"/>
        <line num="77" count="4" type="stmt"/>
        <line num="78" count="4" type="stmt"/>
        <line num="79" count="4" type="stmt"/>
        <line num="83" count="4" type="stmt"/>
        <line num="85" count="4" type="stmt"/>
        <line num="91" count="1" type="stmt"/>
        <line num="92" count="1" type="stmt"/>
        <line num="93" count="1" type="stmt"/>
        <line num="94" count="1" type="stmt"/>
        <line num="95" count="1" type="stmt"/>
        <line num="104" count="4" type="stmt"/>
        <line num="106" count="4" type="stmt"/>
        <line num="107" count="4" type="stmt"/>
        <line num="108" count="4" type="cond" truecount="2" falsecount="0"/>
        <line num="109" count="3" type="stmt"/>
        <line num="110" count="3" type="cond" truecount="1" falsecount="1"/>
        <line num="111" count="3" type="stmt"/>
        <line num="112" count="3" type="stmt"/>
        <line num="115" count="4" type="stmt"/>
        <line num="116" count="4" type="stmt"/>
        <line num="117" count="4" type="stmt"/>
        <line num="118" count="0" type="stmt"/>
        <line num="121" count="4" type="stmt"/>
        <line num="122" count="0" type="stmt"/>
        <line num="123" count="0" type="stmt"/>
        <line num="124" count="0" type="stmt"/>
        <line num="126" count="4" type="stmt"/>
        <line num="129" count="4" type="cond" truecount="4" falsecount="0"/>
        <line num="130" count="2" type="stmt"/>
        <line num="132" count="2" type="cond" truecount="1" falsecount="3"/>
        <line num="133" count="2" type="stmt"/>
        <line num="134" count="2" type="stmt"/>
        <line num="135" count="2" type="stmt"/>
        <line num="137" count="4" type="stmt"/>
        <line num="140" count="4" type="stmt"/>
        <line num="144" count="3" type="stmt"/>
        <line num="145" count="3" type="cond" truecount="1" falsecount="1"/>
        <line num="146" count="3" type="cond" truecount="1" falsecount="1"/>
        <line num="147" count="0" type="stmt"/>
        <line num="149" count="3" type="cond" truecount="1" falsecount="1"/>
        <line num="151" count="3" type="stmt"/>
        <line num="152" count="3" type="stmt"/>
        <line num="153" count="3" type="cond" truecount="4" falsecount="1"/>
        <line num="154" count="0" type="stmt"/>
        <line num="156" count="3" type="cond" truecount="1" falsecount="1"/>
        <line num="157" count="3" type="stmt"/>
        <line num="158" count="3" type="cond" truecount="4" falsecount="0"/>
        <line num="159" count="1" type="stmt"/>
        <line num="162" count="2" type="stmt"/>
        <line num="163" count="2" type="stmt"/>
        <line num="164" count="2" type="stmt"/>
        <line num="165" count="2" type="stmt"/>
        <line num="166" count="2" type="stmt"/>
        <line num="167" count="1" type="stmt"/>
        <line num="169" count="1" type="stmt"/>
        <line num="177" count="1" type="stmt"/>
        <line num="178" count="1" type="cond" truecount="3" falsecount="1"/>
        <line num="179" count="1" type="stmt"/>
        <line num="180" count="1" type="stmt"/>
        <line num="181" count="1" type="stmt"/>
        <line num="182" count="1" type="stmt"/>
        <line num="183" count="1" type="stmt"/>
        <line num="184" count="1" type="stmt"/>
        <line num="188" count="120" type="stmt"/>
        <line num="189" count="120" type="cond" truecount="1" falsecount="1"/>
        <line num="190" count="0" type="stmt"/>
        <line num="191" count="0" type="stmt"/>
        <line num="192" count="0" type="stmt"/>
        <line num="193" count="0" type="stmt"/>
        <line num="194" count="0" type="stmt"/>
        <line num="198" count="6" type="stmt"/>
        <line num="199" count="6" type="cond" truecount="2" falsecount="0"/>
        <line num="204" count="0" type="stmt"/>
        <line num="205" count="0" type="stmt"/>
        <line num="210" count="0" type="cond" truecount="0" falsecount="2"/>
        <line num="211" count="0" type="stmt"/>
        <line num="212" count="0" type="stmt"/>
        <line num="214" count="0" type="cond" truecount="0" falsecount="2"/>
        <line num="215" count="0" type="cond" truecount="0" falsecount="2"/>
      </file>
      <file name="commands.ts" path="/Users/shuaiyuan/Developer/tomo/src/agent/commands.ts">
        <metrics statements="199" coveredstatements="137" conditionals="120" coveredconditionals="68" methods="11" coveredmethods="9"/>
        <line num="24" count="8" type="stmt"/>
        <line num="25" count="8" type="stmt"/>
        <line num="44" count="124" type="stmt"/>
        <line num="45" count="124" type="stmt"/>
        <line num="47" count="124" type="stmt"/>
        <line num="51" count="110" type="stmt"/>
        <line num="55" count="124" type="stmt"/>
        <line num="59" count="27" type="cond" truecount="2" falsecount="0"/>
        <line num="60" count="2" type="stmt"/>
        <line num="61" count="2" type="stmt"/>
        <line num="66" count="25" type="cond" truecount="2" falsecount="0"/>
        <line num="67" count="5" type="stmt"/>
        <line num="68" count="5" type="stmt"/>
        <line num="71" count="20" type="stmt"/>
        <line num="73" count="20" type="cond" truecount="3" falsecount="1"/>
        <line num="74" count="0" type="stmt"/>
        <line num="75" count="0" type="stmt"/>
        <line num="78" count="20" type="cond" truecount="2" falsecount="0"/>
        <line num="79" count="1" type="stmt"/>
        <line num="80" count="1" type="stmt"/>
        <line num="81" count="1" type="stmt"/>
        <line num="82" count="1" type="stmt"/>
        <line num="83" count="1" type="stmt"/>
        <line num="86" count="19" type="cond" truecount="2" falsecount="0"/>
        <line num="87" count="10" type="stmt"/>
        <line num="88" count="10" type="cond" truecount="1" falsecount="1"/>
        <line num="89" count="0" type="cond" truecount="0" falsecount="2"/>
        <line num="90" count="0" type="stmt"/>
        <line num="91" count="0" type="stmt"/>
        <line num="92" count="0" type="cond" truecount="0" falsecount="2"/>
        <line num="93" count="0" type="stmt"/>
        <line num="95" count="0" type="cond" truecount="0" falsecount="2"/>
        <line num="96" count="0" type="stmt"/>
        <line num="97" count="0" type="stmt"/>
        <line num="99" count="0" type="stmt"/>
        <line num="100" count="0" type="stmt"/>
        <line num="101" count="0" type="stmt"/>
        <line num="102" count="0" type="stmt"/>
        <line num="105" count="10" type="stmt"/>
        <line num="106" count="10" type="cond" truecount="2" falsecount="0"/>
        <line num="107" count="1" type="stmt"/>
        <line num="108" count="1" type="stmt"/>
        <line num="110" count="9" type="cond" truecount="2" falsecount="0"/>
        <line num="111" count="4" type="cond" truecount="2" falsecount="0"/>
        <line num="112" count="1" type="stmt"/>
        <line num="116" count="1" type="stmt"/>
        <line num="118" count="3" type="cond" truecount="4" falsecount="0"/>
        <line num="119" count="1" type="stmt"/>
        <line num="123" count="1" type="stmt"/>
        <line num="126" count="7" type="stmt"/>
        <line num="127" count="7" type="stmt"/>
        <line num="132" count="7" type="stmt"/>
        <line num="133" count="7" type="stmt"/>
        <line num="134" count="7" type="stmt"/>
        <line num="135" count="7" type="stmt"/>
        <line num="138" count="9" type="cond" truecount="2" falsecount="0"/>
        <line num="139" count="4" type="stmt"/>
        <line num="140" count="4" type="stmt"/>
        <line num="143" count="5" type="cond" truecount="2" falsecount="0"/>
        <line num="144" count="2" type="stmt"/>
        <line num="145" count="2" type="stmt"/>
        <line num="146" count="2" type="cond" truecount="2" falsecount="0"/>
        <line num="147" count="1" type="stmt"/>
        <line num="148" count="1" type="stmt"/>
        <line num="151" count="1" type="stmt"/>
        <line num="152" count="1" type="stmt"/>
        <line num="154" count="1" type="stmt"/>
        <line num="157" count="1" type="cond" truecount="1" falsecount="1"/>
        <line num="158" count="2" type="stmt"/>
        <line num="166" count="2" type="cond" truecount="2" falsecount="2"/>
        <line num="167" count="0" type="stmt"/>
        <line num="168" count="1" type="cond" truecount="1" falsecount="1"/>
        <line num="169" count="0" type="stmt"/>
        <line num="172" count="1" type="stmt"/>
        <line num="173" count="1" type="stmt"/>
        <line num="176" count="3" type="cond" truecount="2" falsecount="0"/>
        <line num="177" count="1" type="stmt"/>
        <line num="178" count="1" type="stmt"/>
        <line num="179" count="1" type="stmt"/>
        <line num="182" count="2" type="cond" truecount="1" falsecount="1"/>
        <line num="183" count="2" type="cond" truecount="2" falsecount="0"/>
        <line num="184" count="2" type="stmt"/>
        <line num="185" count="2" type="stmt"/>
        <line num="187" count="2" type="stmt"/>
        <line num="188" count="2" type="stmt"/>
        <line num="189" count="2" type="stmt"/>
        <line num="190" count="2" type="stmt"/>
        <line num="191" count="2" type="cond" truecount="1" falsecount="1"/>
        <line num="192" count="2" type="stmt"/>
        <line num="193" count="2" type="cond" truecount="2" falsecount="0"/>
        <line num="194" count="1" type="stmt"/>
        <line num="196" count="2" type="cond" truecount="1" falsecount="1"/>
        <line num="200" count="2" type="stmt"/>
        <line num="201" count="2" type="stmt"/>
        <line num="203" count="2" type="cond" truecount="1" falsecount="1"/>
        <line num="204" count="2" type="stmt"/>
        <line num="206" count="2" type="cond" truecount="1" falsecount="1"/>
        <line num="207" count="2" type="stmt"/>
        <line num="210" count="2" type="cond" truecount="1" falsecount="1"/>
        <line num="211" count="2" type="stmt"/>
        <line num="212" count="2" type="stmt"/>
        <line num="213" count="2" type="stmt"/>
        <line num="214" count="2" type="stmt"/>
        <line num="215" count="2" type="stmt"/>
        <line num="216" count="2" type="cond" truecount="1" falsecount="1"/>
        <line num="217" count="2" type="stmt"/>
        <line num="218" count="2" type="stmt"/>
        <line num="222" count="2" type="stmt"/>
        <line num="223" count="2" type="stmt"/>
        <line num="240" count="0" type="stmt"/>
        <line num="241" count="0" type="cond" truecount="0" falsecount="2"/>
        <line num="242" count="0" type="stmt"/>
        <line num="243" count="0" type="stmt"/>
        <line num="245" count="0" type="cond" truecount="0" falsecount="2"/>
        <line num="246" count="0" type="stmt"/>
        <line num="247" count="0" type="stmt"/>
        <line num="250" count="0" type="cond" truecount="0" falsecount="2"/>
        <line num="252" count="0" type="cond" truecount="0" falsecount="2"/>
        <line num="253" count="0" type="stmt"/>
        <line num="254" count="0" type="cond" truecount="0" falsecount="2"/>
        <line num="255" count="0" type="stmt"/>
        <line num="256" count="0" type="stmt"/>
        <line num="258" count="0" type="stmt"/>
        <line num="259" count="0" type="stmt"/>
        <line num="263" count="0" type="stmt"/>
        <line num="264" count="0" type="stmt"/>
        <line num="267" count="0" type="cond" truecount="0" falsecount="2"/>
        <line num="268" count="0" type="cond" truecount="0" falsecount="2"/>
        <line num="269" count="0" type="stmt"/>
        <line num="270" count="0" type="stmt"/>
        <line num="271" count="0" type="stmt"/>
        <line num="274" count="0" type="stmt"/>
        <line num="275" count="0" type="cond" truecount="0" falsecount="2"/>
        <line num="276" count="0" type="stmt"/>
        <line num="277" count="0" type="stmt"/>
        <line num="280" count="0" type="stmt"/>
        <line num="281" count="0" type="cond" truecount="0" falsecount="2"/>
        <line num="284" count="0" type="stmt"/>
        <line num="288" count="0" type="stmt"/>
        <line num="289" count="0" type="stmt"/>
        <line num="296" count="7" type="stmt"/>
        <line num="298" count="7" type="cond" truecount="2" falsecount="0"/>
        <line num="301" count="7" type="cond" truecount="2" falsecount="0"/>
        <line num="302" count="7" type="stmt"/>
        <line num="303" count="7" type="stmt"/>
        <line num="305" count="7" type="stmt"/>
        <line num="306" count="7" type="stmt"/>
        <line num="307" count="7" type="stmt"/>
        <line num="316" count="5" type="stmt"/>
        <line num="317" count="5" type="cond" truecount="2" falsecount="0"/>
        <line num="318" count="1" type="stmt"/>
        <line num="319" count="1" type="stmt"/>
        <line num="322" count="4" type="cond" truecount="1" falsecount="1"/>
        <line num="323" count="5" type="cond" truecount="2" falsecount="0"/>
        <line num="324" count="1" type="stmt"/>
        <line num="325" count="1" type="stmt"/>
        <line num="326" count="1" type="stmt"/>
        <line num="329" count="3" type="cond" truecount="2" falsecount="0"/>
        <line num="330" count="5" type="cond" truecount="1" falsecount="1"/>
        <line num="331" count="0" type="stmt"/>
        <line num="332" count="0" type="stmt"/>
        <line num="336" count="0" type="stmt"/>
        <line num="339" count="3" type="stmt"/>
        <line num="340" count="3" type="cond" truecount="2" falsecount="0"/>
        <line num="341" count="1" type="stmt"/>
        <line num="342" count="1" type="stmt"/>
        <line num="355" count="1" type="stmt"/>
        <line num="358" count="2" type="stmt"/>
        <line num="359" count="2" type="cond" truecount="2" falsecount="0"/>
        <line num="362" count="5" type="stmt"/>
        <line num="363" count="5" type="stmt"/>
        <line num="364" count="5" type="stmt"/>
        <line num="373" count="2" type="stmt"/>
        <line num="375" count="0" type="cond" truecount="0" falsecount="2"/>
        <line num="376" count="0" type="stmt"/>
        <line num="377" count="0" type="stmt"/>
        <line num="382" count="4" type="cond" truecount="1" falsecount="1"/>
        <line num="383" count="0" type="stmt"/>
        <line num="384" count="0" type="stmt"/>
        <line num="385" count="0" type="cond" truecount="0" falsecount="2"/>
        <line num="386" count="0" type="stmt"/>
        <line num="387" count="0" type="stmt"/>
        <line num="389" count="0" type="stmt"/>
        <line num="393" count="0" type="stmt"/>
        <line num="398" count="4" type="cond" truecount="2" falsecount="0"/>
        <line num="399" count="1" type="stmt"/>
        <line num="400" count="1" type="stmt"/>
        <line num="403" count="3" type="stmt"/>
        <line num="404" count="3" type="stmt"/>
        <line num="405" count="3" type="stmt"/>
        <line num="406" count="3" type="stmt"/>
        <line num="408" count="3" type="stmt"/>
        <line num="409" count="3" type="stmt"/>
        <line num="410" count="3" type="stmt"/>
        <line num="412" count="3" type="stmt"/>
        <line num="413" count="3" type="stmt"/>
        <line num="415" count="3" type="stmt"/>
        <line num="417" count="0" type="cond" truecount="0" falsecount="2"/>
        <line num="418" count="0" type="stmt"/>
      </file>
      <file name="context-nudge.ts" path="/Users/shuaiyuan/Developer/tomo/src/agent/context-nudge.ts">
        <metrics statements="13" coveredstatements="13" conditionals="14" coveredconditionals="13" methods="1" coveredmethods="1"/>
        <line num="30" count="143" type="stmt"/>
        <line num="32" count="143" type="cond" truecount="2" falsecount="0"/>
        <line num="33" count="128" type="stmt"/>
        <line num="36" count="15" type="stmt"/>
        <line num="37" count="15" type="cond" truecount="2" falsecount="0"/>
        <line num="38" count="9" type="cond" truecount="2" falsecount="0"/>
        <line num="39" count="4" type="stmt"/>
        <line num="41" count="5" type="stmt"/>
        <line num="44" count="6" type="cond" truecount="4" falsecount="0"/>
        <line num="45" count="4" type="cond" truecount="2" falsecount="0"/>
        <line num="46" count="3" type="stmt"/>
        <line num="48" count="1" type="stmt"/>
        <line num="51" count="2" type="cond" truecount="1" falsecount="1"/>
      </file>
      <file name="delivery-pipeline.ts" path="/Users/shuaiyuan/Developer/tomo/src/agent/delivery-pipeline.ts">
        <metrics statements="38" coveredstatements="38" conditionals="24" coveredconditionals="22" methods="7" coveredmethods="7"/>
        <line num="15" count="262" type="stmt"/>
        <line num="16" count="262" type="cond" truecount="4" falsecount="0"/>
        <line num="23" count="144" type="stmt"/>
        <line num="40" count="116" type="stmt"/>
        <line num="42" count="116" type="cond" truecount="2" falsecount="0"/>
        <line num="43" count="16" type="stmt"/>
        <line num="44" count="16" type="stmt"/>
        <line num="45" count="16" type="stmt"/>
        <line num="48" count="100" type="cond" truecount="2" falsecount="0"/>
        <line num="49" count="1" type="stmt"/>
        <line num="50" count="1" type="stmt"/>
        <line num="51" count="1" type="stmt"/>
        <line num="52" count="1" type="stmt"/>
        <line num="53" count="1" type="stmt"/>
        <line num="56" count="99" type="stmt"/>
        <line num="69" count="28" type="stmt"/>
        <line num="70" count="28" type="stmt"/>
        <line num="71" count="28" type="stmt"/>
        <line num="72" count="28" type="stmt"/>
        <line num="74" count="28" type="stmt"/>
        <line num="75" count="3" type="cond" truecount="1" falsecount="1"/>
        <line num="76" count="3" type="cond" truecount="3" falsecount="1"/>
        <line num="79" count="28" type="cond" truecount="2" falsecount="0"/>
        <line num="80" count="25" type="stmt"/>
        <line num="83" count="28" type="stmt"/>
        <line num="84" count="1" type="stmt"/>
        <line num="98" count="120" type="stmt"/>
        <line num="99" count="121" type="stmt"/>
        <line num="100" count="121" type="cond" truecount="2" falsecount="0"/>
        <line num="101" count="1" type="stmt"/>
        <line num="102" count="1" type="stmt"/>
        <line num="104" count="120" type="stmt"/>
        <line num="105" count="120" type="cond" truecount="4" falsecount="0"/>
        <line num="106" count="2" type="stmt"/>
        <line num="107" count="2" type="stmt"/>
        <line num="108" count="2" type="stmt"/>
        <line num="110" count="118" type="stmt"/>
        <line num="112" count="1" type="stmt"/>
      </file>
      <file name="inbound-batcher.ts" path="/Users/shuaiyuan/Developer/tomo/src/agent/inbound-batcher.ts">
        <metrics statements="70" coveredstatements="65" conditionals="49" coveredconditionals="45" methods="17" coveredmethods="12"/>
        <line num="36" count="124" type="stmt"/>
        <line num="37" count="124" type="stmt"/>
        <line num="38" count="124" type="stmt"/>
        <line num="39" count="124" type="stmt"/>
        <line num="40" count="124" type="stmt"/>
        <line num="42" count="124" type="stmt"/>
        <line num="62" count="113" type="stmt"/>
        <line num="63" count="113" type="stmt"/>
        <line num="65" count="113" type="cond" truecount="1" falsecount="1"/>
        <line num="66" count="0" type="stmt"/>
        <line num="67" count="0" type="stmt"/>
        <line num="68" count="0" type="stmt"/>
        <line num="71" count="113" type="cond" truecount="2" falsecount="0"/>
        <line num="72" count="113" type="stmt"/>
        <line num="73" count="113" type="stmt"/>
        <line num="81" count="113" type="stmt"/>
        <line num="82" count="113" type="stmt"/>
        <line num="83" count="110" type="cond" truecount="2" falsecount="0"/>
        <line num="84" count="97" type="stmt"/>
[...]
        <line num="627" count="4" type="cond" truecount="2" falsecount="0"/>
        <line num="628" count="1" type="cond" truecount="2" falsecount="0"/>
        <line num="629" count="1" type="stmt"/>
        <line num="630" count="1" type="stmt"/>
        <line num="637" count="4" type="stmt"/>
        <line num="639" count="4" type="stmt"/>
        <line num="640" count="4" type="stmt"/>
        <line num="646" count="2904" type="stmt"/>
        <line num="650" count="250" type="stmt"/>
        <line num="654" count="191" type="cond" truecount="2" falsecount="0"/>
        <line num="655" count="26" type="stmt"/>
        <line num="656" count="26" type="stmt"/>
        <line num="657" count="26" type="cond" truecount="3" falsecount="1"/>
        <line num="658" count="26" type="stmt"/>
        <line num="661" count="189" type="cond" truecount="2" falsecount="0"/>
        <line num="664" count="0" type="stmt"/>
        <line num="665" count="0" type="stmt"/>
        <line num="670" count="1038" type="stmt"/>
        <line num="671" count="1038" type="stmt"/>
        <line num="672" count="1038" type="cond" truecount="2" falsecount="0"/>
        <line num="673" count="596" type="stmt"/>
        <line num="675" count="596" type="stmt"/>
        <line num="676" count="596" type="stmt"/>
        <line num="678" count="442" type="cond" truecount="5" falsecount="0"/>
        <line num="681" count="430" type="stmt"/>
        <line num="683" count="12" type="stmt"/>
        <line num="684" count="12" type="stmt"/>
        <line num="685" count="12" type="cond" truecount="1" falsecount="1"/>
        <line num="686" count="1038" type="stmt"/>
        <line num="688" count="0" type="stmt"/>
        <line num="689" count="0" type="stmt"/>
        <line num="694" count="414" type="stmt"/>
        <line num="695" count="414" type="stmt"/>
        <line num="700" count="414" type="stmt"/>
        <line num="704" count="1452" type="stmt"/>
        <line num="705" count="1452" type="stmt"/>
        <line num="706" count="1452" type="stmt"/>
        <line num="708" count="596" type="stmt"/>
        <line num="714" count="596" type="stmt"/>
        <line num="715" count="596" type="cond" truecount="1" falsecount="1"/>
        <line num="717" count="0" type="stmt"/>
        <line num="718" count="0" type="stmt"/>
        <line num="719" count="0" type="stmt"/>
        <line num="720" count="0" type="stmt"/>
        <line num="721" count="0" type="stmt"/>
        <line num="736" count="0" type="stmt"/>
        <line num="737" count="0" type="stmt"/>
        <line num="738" count="0" type="stmt"/>
        <line num="747" count="921" type="stmt"/>
        <line num="751" count="670" type="stmt"/>
        <line num="755" count="7" type="stmt"/>
        <line num="760" count="244" type="stmt"/>
        <line num="762" count="244" type="stmt"/>
        <line num="763" count="244" type="stmt"/>
        <line num="765" count="0" type="stmt"/>
        <line num="767" count="244" type="stmt"/>
        <line num="768" count="123" type="cond" truecount="2" falsecount="0"/>
        <line num="771" count="15" type="stmt"/>
        <line num="776" count="114" type="stmt"/>
        <line num="777" count="114" type="cond" truecount="2" falsecount="0"/>
        <line num="779" count="7" type="stmt"/>
        <line num="784" count="114" type="stmt"/>
        <line num="785" count="114" type="cond" truecount="2" falsecount="0"/>
        <line num="786" count="114" type="stmt"/>
        <line num="792" count="3" type="stmt"/>
        <line num="793" count="3" type="stmt"/>
        <line num="794" count="6" type="cond" truecount="2" falsecount="0"/>
        <line num="796" count="3" type="stmt"/>
        <line num="811" count="115" type="stmt"/>
        <line num="813" count="115" type="stmt"/>
        <line num="814" count="115" type="stmt"/>
        <line num="816" count="107" type="stmt"/>
        <line num="818" count="8" type="cond" truecount="2" falsecount="0"/>
        <line num="820" count="5" type="stmt"/>
        <line num="821" count="5" type="cond" truecount="1" falsecount="1"/>
        <line num="823" count="5" type="stmt"/>
        <line num="824" count="5" type="stmt"/>
        <line num="825" count="5" type="stmt"/>
        <line num="826" count="5" type="stmt"/>
        <line num="827" count="15" type="stmt"/>
        <line num="828" count="15" type="cond" truecount="2" falsecount="0"/>
        <line num="829" count="5" type="stmt"/>
        <line num="830" count="5" type="stmt"/>
        <line num="832" count="10" type="stmt"/>
        <line num="833" count="10" type="cond" truecount="2" falsecount="0"/>
        <line num="834" count="10" type="stmt"/>
        <line num="836" count="5" type="cond" truecount="1" falsecount="1"/>
        <line num="838" count="0" type="stmt"/>
        <line num="839" count="0" type="stmt"/>
        <line num="842" count="5" type="stmt"/>
        <line num="843" count="6" type="stmt"/>
        <line num="845" count="6" type="stmt"/>
        <line num="846" count="1" type="stmt"/>
        <line num="847" count="1" type="stmt"/>
        <line num="849" count="6" type="cond" truecount="2" falsecount="0"/>
        <line num="850" count="6" type="cond" truecount="2" falsecount="0"/>
        <line num="851" count="8" type="stmt"/>
        <line num="854" count="5" type="stmt"/>
        <line num="855" count="5" type="cond" truecount="2" falsecount="0"/>
        <line num="856" count="115" type="stmt"/>
        <line num="857" count="115" type="stmt"/>
      </file>
      <file name="summon-store.ts" path="/Users/shuaiyuan/Developer/tomo/src/sessions/summon-store.ts">
        <metrics statements="38" coveredstatements="37" conditionals="28" coveredconditionals="25" methods="7" coveredmethods="7"/>
        <line num="19" count="11" type="stmt"/>
        <line num="24" count="11" type="stmt"/>
        <line num="33" count="167" type="stmt"/>
        <line num="34" count="167" type="stmt"/>
        <line num="37" count="167" type="stmt"/>
        <line num="39" count="167" type="cond" truecount="1" falsecount="0"/>
        <line num="41" count="167" type="stmt"/>
        <line num="46" count="50" type="stmt"/>
        <line num="47" count="50" type="cond" truecount="2" falsecount="0"/>
        <line num="48" count="18" type="cond" truecount="4" falsecount="0"/>
        <line num="49" count="4" type="stmt"/>
        <line num="50" count="4" type="stmt"/>
        <line num="51" count="4" type="stmt"/>
        <line num="53" count="14" type="stmt"/>
        <line num="57" count="19" type="stmt"/>
        <line num="58" count="19" type="stmt"/>
        <line num="62" count="5" type="stmt"/>
        <line num="63" count="5" type="cond" truecount="2" falsecount="0"/>
        <line num="64" count="5" type="stmt"/>
        <line num="69" count="7" type="stmt"/>
        <line num="70" count="7" type="cond" truecount="1" falsecount="1"/>
        <line num="71" count="7" type="stmt"/>
        <line num="72" count="7" type="cond" truecount="2" falsecount="0"/>
        <line num="73" count="7" type="cond" truecount="2" falsecount="0"/>
        <line num="74" count="6" type="stmt"/>
        <line num="75" count="6" type="stmt"/>
        <line num="80" count="167" type="cond" truecount="4" falsecount="0"/>
        <line num="81" count="3" type="stmt"/>
        <line num="82" count="3" type="stmt"/>
        <line num="83" count="3" type="cond" truecount="1" falsecount="1"/>
        <line num="84" count="1" type="cond" truecount="1" falsecount="1"/>
        <line num="87" count="1" type="stmt"/>
        <line num="92" count="32" type="cond" truecount="2" falsecount="0"/>
        <line num="93" count="11" type="stmt"/>
        <line num="94" count="11" type="stmt"/>
        <line num="95" count="11" type="stmt"/>
        <line num="96" count="11" type="stmt"/>
        <line num="98" count="0" type="stmt"/>
      </file>
    </package>
    <package name="src.workspace">
      <metrics statements="33" coveredstatements="27" conditionals="13" coveredconditionals="8" methods="4" coveredmethods="4"/>
      <file name="index.ts" path="/Users/shuaiyuan/Developer/tomo/src/workspace/index.ts">
        <metrics statements="33" coveredstatements="27" conditionals="13" coveredconditionals="8" methods="4" coveredmethods="4"/>
        <line num="6" count="3" type="stmt"/>
        <line num="8" count="3" type="stmt"/>
        <line num="9" count="3" type="stmt"/>
        <line num="12" count="3" type="stmt"/>
        <line num="13" count="3" type="stmt"/>
        <line num="14" count="3" type="stmt"/>
        <line num="17" count="3" type="stmt"/>
        <line num="20" count="3" type="stmt"/>
        <line num="23" count="3" type="stmt"/>
        <line num="27" count="30" type="stmt"/>
        <line num="28" count="30" type="cond" truecount="1" falsecount="1"/>
        <line num="29" count="30" type="stmt"/>
        <line num="31" count="0" type="stmt"/>
        <line num="32" count="0" type="cond" truecount="0" falsecount="2"/>
        <line num="33" count="0" type="stmt"/>
        <line num="35" count="0" type="stmt"/>
        <line num="39" count="10" type="stmt"/>
        <line num="41" count="10" type="cond" truecount="2" falsecount="0"/>
        <line num="45" count="10" type="stmt"/>
        <line num="119" count="10" type="cond" truecount="1" falsecount="1"/>
        <line num="120" count="10" type="stmt"/>
        <line num="121" count="10" type="stmt"/>
        <line num="122" count="10" type="cond" truecount="2" falsecount="0"/>
        <line num="123" count="6" type="stmt"/>
        <line num="125" count="10" type="cond" truecount="1" falsecount="1"/>
        <line num="126" count="0" type="stmt"/>
        <line num="128" count="10" type="stmt"/>
        <line num="131" count="0" type="stmt"/>
        <line num="134" count="10" type="stmt"/>
        <line num="137" count="3" type="stmt"/>
        <line num="189" count="10" type="stmt"/>
        <line num="190" count="10" type="stmt"/>
        <line num="191" count="10" type="stmt"/>
      </file>
    </package>
    <package name="tests.helpers">
      <metrics statements="173" coveredstatements="168" conditionals="67" coveredconditionals="54" methods="60" coveredmethods="57"/>
      <file name="agent-harness.ts" path="/Users/shuaiyuan/Developer/tomo/tests/helpers/agent-harness.ts">
        <metrics statements="80" coveredstatements="78" conditionals="26" coveredconditionals="20" methods="31" coveredmethods="30"/>
        <line num="37" count="124" type="stmt"/>
        <line num="38" count="124" type="stmt"/>
        <line num="40" count="124" type="stmt"/>
        <line num="42" count="124" type="stmt"/>
        <line num="44" count="124" type="stmt"/>
        <line num="45" count="124" type="stmt"/>
        <line num="46" count="124" type="stmt"/>
        <line num="47" count="124" type="stmt"/>
        <line num="48" count="124" type="stmt"/>
        <line num="50" count="124" type="stmt"/>
        <line num="52" count="124" type="stmt"/>
        <line num="53" count="124" type="stmt"/>
        <line num="56" count="71" type="stmt"/>
        <line num="57" count="71" type="stmt"/>
        <line num="61" count="1" type="stmt"/>
        <line num="65" count="2" type="stmt"/>
        <line num="72" count="114" type="stmt"/>
        <line num="73" count="114" type="stmt"/>
        <line num="74" count="114" type="stmt"/>
        <line num="75" count="114" type="stmt"/>
        <line num="76" count="114" type="stmt"/>
        <line num="77" count="215" type="cond" truecount="4" falsecount="0"/>
        <line num="78" count="115" type="cond" truecount="2" falsecount="0"/>
        <line num="79" count="102" type="stmt"/>
        <line num="80" count="106" type="stmt"/>
        <line num="82" count="102" type="stmt"/>
        <line num="84" count="114" type="stmt"/>
        <line num="86" count="121" type="cond" truecount="3" falsecount="1"/>
        <line num="87" count="121" type="stmt"/>
        <line num="88" count="121" type="stmt"/>
        <line num="91" count="117" type="cond" truecount="3" falsecount="1"/>
        <line num="92" count="98" type="cond" truecount="1" falsecount="1"/>
        <line num="93" count="17" type="stmt"/>
        <line num="94" count="2" type="cond" truecount="3" falsecount="1"/>
        <line num="99" count="109" type="stmt"/>
        <line num="100" count="109" type="stmt"/>
        <line num="101" count="109" type="stmt"/>
        <line num="108" count="125" type="stmt"/>
        <line num="110" count="27" type="stmt"/>
        <line num="113" count="28" type="stmt"/>
        <line num="114" count="28" type="stmt"/>
        <line num="115" count="28" type="stmt"/>
        <line num="116" count="28" type="stmt"/>
        <line num="117" count="28" type="stmt"/>
        <line num="118" count="28" type="stmt"/>
        <line num="119" count="28" type="stmt"/>
        <line num="127" count="9" type="stmt"/>
        <line num="130" count="173" type="stmt"/>
        <line num="143" count="173" type="stmt"/>
        <line num="144" count="173" type="stmt"/>
        <line num="145" count="173" type="stmt"/>
        <line num="149" count="125" type="stmt"/>
        <line num="162" count="99" type="stmt"/>
        <line num="163" count="99" type="stmt"/>
        <line num="167" count="4" type="stmt"/>
        <line num="170" count="4" type="stmt"/>
        <line num="174" count="27" type="stmt"/>
        <line num="176" count="27" type="stmt"/>
        <line num="177" count="45" type="stmt"/>
        <line num="178" count="45" type="stmt"/>
        <line num="179" count="45" type="stmt"/>
        <line num="181" count="18" type="stmt"/>
        <line num="182" count="18" type="stmt"/>
        <line num="185" count="0" type="cond" truecount="0" falsecount="2"/>
        <line num="186" count="0" type="stmt"/>
        <line num="190" count="9" type="stmt"/>
        <line num="191" count="9" type="stmt"/>
        <line num="192" count="131" type="stmt"/>
        <line num="193" count="131" type="stmt"/>
        <line num="195" count="9" type="stmt"/>
        <line num="205" count="9" type="stmt"/>
        <line num="206" count="122" type="stmt"/>
        <line num="207" count="122" type="stmt"/>
        <line num="208" count="122" type="stmt"/>
        <line num="209" count="122" type="stmt"/>
        <line num="210" count="122" type="stmt"/>
        <line num="211" count="122" type="stmt"/>
        <line num="214" count="9" type="stmt"/>
        <line num="215" count="122" type="stmt"/>
        <line num="216" count="122" type="stmt"/>
      </file>
      <file name="agent-mocks.ts" path="/Users/shuaiyuan/Developer/tomo/tests/helpers/agent-mocks.ts">
        <metrics statements="93" coveredstatements="90" conditionals="41" coveredconditionals="34" methods="29" coveredmethods="27"/>
        <line num="41" count="9" type="stmt"/>
        <line num="46" count="0" type="stmt"/>
        <line num="65" count="122" type="stmt"/>
        <line num="66" count="122" type="stmt"/>
        <line num="67" count="122" type="stmt"/>
        <line num="68" count="122" type="stmt"/>
        <line num="69" count="122" type="stmt"/>
        <line num="70" count="122" type="stmt"/>
        <line num="71" count="122" type="stmt"/>
        <line num="75" count="9" type="stmt"/>
        <line num="78" count="122" type="stmt"/>
        <line num="82" count="142" type="cond" truecount="2" falsecount="0"/>
        <line num="94" count="141" type="stmt"/>
        <line num="96" count="152" type="cond" truecount="2" falsecount="0"/>
        <line num="97" count="152" type="cond" truecount="2" falsecount="0"/>
        <line num="101" count="152" type="cond" truecount="2" falsecount="0"/>
        <line num="102" count="151" type="stmt"/>
        <line num="110" count="151" type="stmt"/>
        <line num="122" count="151" type="stmt"/>
        <line num="127" count="152" type="stmt"/>
        <line num="133" count="141" type="stmt"/>
        <line num="148" count="141" type="stmt"/>
        <line num="154" count="98" type="stmt"/>
        <line num="155" count="98" type="stmt"/>
        <line num="158" count="98" type="stmt"/>
        <line num="159" count="98" type="stmt"/>
        <line num="160" count="98" type="stmt"/>
        <line num="161" count="98" type="stmt"/>
        <line num="162" count="239" type="cond" truecount="2" falsecount="0"/>
        <line num="163" count="233" type="stmt"/>
        <line num="164" count="233" type="stmt"/>
        <line num="165" count="233" type="stmt"/>
        <line num="169" count="98" type="stmt"/>
        <line num="171" count="2" type="stmt"/>
        <line num="175" count="2" type="stmt"/>
        <line num="180" count="98" type="stmt"/>
        <line num="181" count="98" type="cond" truecount="2" falsecount="0"/>
        <line num="182" count="94" type="stmt"/>
        <line num="184" count="98" type="stmt"/>
        <line num="185" count="98" type="stmt"/>
        <line num="186" count="98" type="stmt"/>
        <line num="187" count="139" type="cond" truecount="1" falsecount="1"/>
        <line num="190" count="139" type="stmt"/>
        <line num="191" count="139" type="stmt"/>
        <line num="193" count="139" type="cond" truecount="1" falsecount="1"/>
        <line num="194" count="139" type="stmt"/>
        <line num="195" count="139" type="stmt"/>
        <line num="196" count="140" type="cond" truecount="2" falsecount="0"/>
        <line num="200" count="139" type="stmt"/>
        <line num="201" count="139" type="stmt"/>
        <line num="203" count="139" type="cond" truecount="2" falsecount="0"/>
        <line num="204" count="1" type="stmt"/>
        <line num="206" count="1" type="stmt"/>
        <line num="208" count="1" type="cond" truecount="3" falsecount="1"/>
        <line num="209" count="1" type="cond" truecount="1" falsecount="1"/>
        <line num="211" count="1" type="stmt"/>
        <line num="212" count="1" type="stmt"/>
        <line num="213" count="1" type="stmt"/>
        <line num="214" count="1" type="stmt"/>
        <line num="215" count="1" type="cond" truecount="2" falsecount="2"/>
        <line num="217" count="1" type="stmt"/>
        <line num="218" count="1" type="stmt"/>
        <line num="222" count="139" type="stmt"/>
        <line num="227" count="98" type="stmt"/>
        <line num="232" count="98" type="stmt"/>
        <line num="234" count="98" type="stmt"/>
        <line num="236" count="837" type="cond" truecount="2" falsecount="0"/>
        <line num="237" count="836" type="cond" truecount="2" falsecount="0"/>
        <line num="238" count="233" type="stmt"/>
        <line num="240" count="836" type="cond" truecount="2" falsecount="0"/>
        <line num="241" count="739" type="stmt"/>
        <line num="243" count="97" type="stmt"/>
        <line num="246" count="0" type="stmt"/>
        <line num="247" count="0" type="stmt"/>
        <line num="252" count="98" type="stmt"/>
        <line num="253" count="98" type="stmt"/>
        <line num="256" count="139" type="stmt"/>
        <line num="257" count="139" type="stmt"/>
        <line num="266" count="98" type="stmt"/>
        <line num="273" count="9" type="stmt"/>
        <line num="275" count="9" type="stmt"/>
        <line num="319" count="9" type="stmt"/>
        <line num="331" count="9" type="stmt"/>
        <line num="333" count="45" type="stmt"/>
        <line num="334" count="23" type="stmt"/>
        <line num="336" count="10" type="stmt"/>
        <line num="341" count="9" type="stmt"/>
        <line num="342" count="242" type="stmt"/>
        <line num="350" count="9" type="stmt"/>
        <line num="351" count="98" type="stmt"/>
        <line num="352" count="98" type="stmt"/>
        <line num="353" count="1274" type="stmt"/>
        <line num="360" count="9" type="stmt"/>
      </file>
    </package>
  </project>
</coverage>
